wechat/app/build/outputs/logs/manifest-merger-debug-report.txt
-- Merging decision tree log ---
manifest
ADDED from src/main/AndroidManifest.xml:2:1-87:12
	package
		ADDED from src/main/AndroidManifest.xml:3:5-36
		INJECTED from src/main/AndroidManifest.xml
		INJECTED from src/main/AndroidManifest.xml
	android:versionName
		ADDED from src/main/AndroidManifest.xml:5:5-30
		INJECTED from src/main/AndroidManifest.xml
		INJECTED from src/main/AndroidManifest.xml
	android:versionCode
		ADDED from src/main/AndroidManifest.xml:4:5-28
		INJECTED from src/main/AndroidManifest.xml
		INJECTED from src/main/AndroidManifest.xml
	xmlns:android
		ADDED from src/main/AndroidManifest.xml:2:11-69
uses-sdk
ADDED from src/main/AndroidManifest.xml:7:5-9:41
MERGED from [com.android.support:support-v4:22.2.1] AndroidManifest.xml:20:5-43
	android:targetSdkVersion
		ADDED from src/main/AndroidManifest.xml:9:9-38
		INJECTED from src/main/AndroidManifest.xml
		INJECTED from src/main/AndroidManifest.xml
	android:minSdkVersion
		ADDED from src/main/AndroidManifest.xml:8:9-35
		INJECTED from src/main/AndroidManifest.xml
		INJECTED from src/main/AndroidManifest.xml
uses-permission#android.permission.INTERNET
ADDED from src/main/AndroidManifest.xml:11:5-66
	android:name
		ADDED from src/main/AndroidManifest.xml:11:22-64
application
ADDED from src/main/AndroidManifest.xml:13:5-85:19
MERGED from [com.android.support:support-v4:22.2.1] AndroidManifest.xml:22:5-20
	android:label
		ADDED from src/main/AndroidManifest.xml:16:9-41
	android:allowBackup
		ADDED from src/main/AndroidManifest.xml:14:9-35
	android:icon
		ADDED from src/main/AndroidManifest.xml:15:9-45
activity#com.xiaojianli.wechat.login.LoginActivity
ADDED from src/main/AndroidManifest.xml:18:9-29:20
	android:screenOrientation
		ADDED from src/main/AndroidManifest.xml:22:13-49
	android:label
		ADDED from src/main/AndroidManifest.xml:20:13-45
	android:configChanges
		ADDED from src/main/AndroidManifest.xml:21:13-68
	android:theme
		ADDED from src/main/AndroidManifest.xml:23:13-44
	android:name
		ADDED from src/main/AndroidManifest.xml:19:13-48
intent-filter#android.intent.action.MAIN+android.intent.category.LAUNCHER
ADDED from src/main/AndroidManifest.xml:24:13-28:29
action#android.intent.action.MAIN
ADDED from src/main/AndroidManifest.xml:25:17-69
	android:name
		ADDED from src/main/AndroidManifest.xml:25:25-66
category#android.intent.category.LAUNCHER
ADDED from src/main/AndroidManifest.xml:27:17-77
	android:name
		ADDED from src/main/AndroidManifest.xml:27:27-74
activity#com.xiaojianli.wechat.register.RegisterActivity
ADDED from src/main/AndroidManifest.xml:30:9-38:20
	android:screenOrientation
		ADDED from src/main/AndroidManifest.xml:33:13-49
	android:configChanges
		ADDED from src/main/AndroidManifest.xml:32:13-68
	android:theme
		ADDED from src/main/AndroidManifest.xml:34:13-44
	android:name
		ADDED from src/main/AndroidManifest.xml:31:13-75
intent-filter#android.intent.category.DEFAULT
ADDED from src/main/AndroidManifest.xml:35:13-37:29
category#android.intent.category.DEFAULT
ADDED from src/main/AndroidManifest.xml:36:17-75
	android:name
		ADDED from src/main/AndroidManifest.xml:36:27-73
activity#com.xiaojianli.wechat.chat.ChatActivity
ADDED from src/main/AndroidManifest.xml:40:9-48:20
	android:screenOrientation
		ADDED from src/main/AndroidManifest.xml:43:13-49
	android:configChanges
		ADDED from src/main/AndroidManifest.xml:42:13-68
	android:theme
		ADDED from src/main/AndroidManifest.xml:44:13-48
	android:name
		ADDED from src/main/AndroidManifest.xml:41:13-67
activity#com.xiaojianli.wechat.addfriend.AddFriendActivity
ADDED from src/main/AndroidManifest.xml:50:9-59:20
	android:screenOrientation
		ADDED from src/main/AndroidManifest.xml:54:13-49
	android:windowSoftInputMode
		ADDED from src/main/AndroidManifest.xml:53:13-67
	android:configChanges
		ADDED from src/main/AndroidManifest.xml:52:13-68
	android:theme
		ADDED from src/main/AndroidManifest.xml:55:13-49
	android:name
		ADDED from src/main/AndroidManifest.xml:51:13-77
activity#com.xiaojianli.wechat.chat.chatWindowActivity
ADDED from src/main/AndroidManifest.xml:61:9-71:20
	android:screenOrientation
		ADDED from src/main/AndroidManifest.xml:66:13-49
	android:launchMode
		ADDED from src/main/AndroidManifest.xml:63:13-44
	android:windowSoftInputMode
		ADDED from src/main/AndroidManifest.xml:65:13-67
	android:configChanges
		ADDED from src/main/AndroidManifest.xml:64:13-68
	android:theme
		ADDED from src/main/AndroidManifest.xml:67:13-54
	android:name
		ADDED from src/main/AndroidManifest.xml:62:13-73
activity#com.xiaojianli.wechat.chat.friendWindowActivity
ADDED from src/main/AndroidManifest.xml:73:9-83:20
	android:screenOrientation
		ADDED from src/main/AndroidManifest.xml:77:13-49
	android:windowSoftInputMode
		ADDED from src/main/AndroidManifest.xml:76:13-67
	android:configChanges
		ADDED from src/main/AndroidManifest.xml:75:13-68
	android:theme
		ADDED from src/main/AndroidManifest.xml:78:13-54
	android:name
		ADDED from src/main/AndroidManifest.xml:74:13-75